<?xml version="1.0" encoding="UTF-8"?>
<testng-results skipped="0" failed="0" ignored="0" total="1" passed="1">
  <reporter-output>
  </reporter-output>
  <suite name="Default suite" duration-ms="15688" started-at="2023-02-13T11:25:35 IST" finished-at="2023-02-13T11:25:50 IST">
    <groups>
    </groups>
    <test name="Default test" duration-ms="15688" started-at="2023-02-13T11:25:35 IST" finished-at="2023-02-13T11:25:50 IST">
      <class name="testcase.Logintestcase">
        <test-method status="PASS" signature="login()[pri:0, instance:testcase.Logintestcase@2ac273d3]" name="login" duration-ms="15616" started-at="2023-02-13T11:25:35 IST" finished-at="2023-02-13T11:25:50 IST">
          <reporter-output>
          </reporter-output>
        </test-method> <!-- login -->
      </class> <!-- testcase.Logintestcase -->
    </test> <!-- Default test -->
  </suite> <!-- Default suite -->
</testng-results>
